This is pdfTeX, Version 3.141592653-2.6-1.40.25 (MiKTeX 24.1) (preloaded format=pdflatex 2024.12.15)  4 MAR 2025 10:47
entering extended mode
 restricted \write18 enabled.
 file:line:error style messages enabled.
 %&-line parsing enabled.
**"c:/Users/chris/OneDrive/Desktop/UNAL/2024-II/APM/Los-Juguetes-Hermanos/2. Industria 4.0 en la Automatización/Figuras/Grafcet/grafcet.tex"
(c:/Users/chris/OneDrive/Desktop/UNAL/2024-II/APM/Los-Juguetes-Hermanos/2. Industria 4.0 en la Automatización/Figuras/Grafcet/grafcet.tex
LaTeX2e <2023-11-01> patch level 1
L3 programming layer <2024-01-04>
(C:\Users\chris\AppData\Local\Programs\MiKTeX\tex/latex/base\article.cls
Document Class: article 2023/05/17 v1.4n Standard LaTeX document class
(C:\Users\chris\AppData\Local\Programs\MiKTeX\tex/latex/base\size10.clo
File: size10.clo 2023/05/17 v1.4n Standard LaTeX file (size option)
)
\c@part=\count187
\c@section=\count188
\c@subsection=\count189
\c@subsubsection=\count190
\c@paragraph=\count191
\c@subparagraph=\count192
\c@figure=\count193
\c@table=\count194
\abovecaptionskip=\skip48
\belowcaptionskip=\skip49
\bibindent=\dimen140
) (C:\Users\chris\AppData\Local\Programs\MiKTeX\tex/latex/pgf/frontendlayer\tikz.sty (C:\Users\chris\AppData\Local\Programs\MiKTeX\tex/latex/pgf/basiclayer\pgf.sty (C:\Users\chris\AppData\Local\Programs\MiKTeX\tex/latex/pgf/utilities\pgfrcs.sty (C:\Users\chris\AppData\Local\Programs\MiKTeX\tex/generic/pgf/utilities\pgfutil-common.tex
\pgfutil@everybye=\toks17
\pgfutil@tempdima=\dimen141
\pgfutil@tempdimb=\dimen142
) (C:\Users\chris\AppData\Local\Programs\MiKTeX\tex/generic/pgf/utilities\pgfutil-latex.def
\pgfutil@abb=\box51
) (C:\Users\chris\AppData\Local\Programs\MiKTeX\tex/generic/pgf/utilities\pgfrcs.code.tex (C:\Users\chris\AppData\Local\Programs\MiKTeX\tex/generic/pgf\pgf.revision.tex)
Package: pgfrcs 2023-01-15 v3.1.10 (3.1.10)
))
Package: pgf 2023-01-15 v3.1.10 (3.1.10)
 (C:\Users\chris\AppData\Local\Programs\MiKTeX\tex/latex/pgf/basiclayer\pgfcore.sty (C:\Users\chris\AppData\Local\Programs\MiKTeX\tex/latex/graphics\graphicx.sty
Package: graphicx 2021/09/16 v1.2d Enhanced LaTeX Graphics (DPC,SPQR)
 (C:\Users\chris\AppData\Local\Programs\MiKTeX\tex/latex/graphics\keyval.sty
Package: keyval 2022/05/29 v1.15 key=value parser (DPC)
\KV@toks@=\toks18
) (C:\Users\chris\AppData\Local\Programs\MiKTeX\tex/latex/graphics\graphics.sty
Package: graphics 2022/03/10 v1.4e Standard LaTeX Graphics (DPC,SPQR)
 (C:\Users\chris\AppData\Local\Programs\MiKTeX\tex/latex/graphics\trig.sty
Package: trig 2021/08/11 v1.11 sin cos tan (DPC)
) (C:\Users\chris\AppData\Local\Programs\MiKTeX\tex/latex/graphics-cfg\graphics.cfg
File: graphics.cfg 2016/06/04 v1.11 sample graphics configuration
)
Package graphics Info: Driver file: pdftex.def on input line 107.
 (C:\Users\chris\AppData\Local\Programs\MiKTeX\tex/latex/graphics-def\pdftex.def
File: pdftex.def 2022/09/22 v1.2b Graphics/color driver for pdftex
))
\Gin@req@height=\dimen143
\Gin@req@width=\dimen144
) (C:\Users\chris\AppData\Local\Programs\MiKTeX\tex/latex/pgf/systemlayer\pgfsys.sty (C:\Users\chris\AppData\Local\Programs\MiKTeX\tex/generic/pgf/systemlayer\pgfsys.code.tex
Package: pgfsys 2023-01-15 v3.1.10 (3.1.10)
 (C:\Users\chris\AppData\Local\Programs\MiKTeX\tex/generic/pgf/utilities\pgfkeys.code.tex
\pgfkeys@pathtoks=\toks19
\pgfkeys@temptoks=\toks20
 (C:\Users\chris\AppData\Local\Programs\MiKTeX\tex/generic/pgf/utilities\pgfkeyslibraryfiltered.code.tex
\pgfkeys@tmptoks=\toks21
))
\pgf@x=\dimen145
\pgf@y=\dimen146
\pgf@xa=\dimen147
\pgf@ya=\dimen148
\pgf@xb=\dimen149
\pgf@yb=\dimen150
\pgf@xc=\dimen151
\pgf@yc=\dimen152
\pgf@xd=\dimen153
\pgf@yd=\dimen154
\w@pgf@writea=\write3
\r@pgf@reada=\read2
\c@pgf@counta=\count195
\c@pgf@countb=\count196
\c@pgf@countc=\count197
\c@pgf@countd=\count198
\t@pgf@toka=\toks22
\t@pgf@tokb=\toks23
\t@pgf@tokc=\toks24
\pgf@sys@id@count=\count199
 (C:\Users\chris\AppData\Local\Programs\MiKTeX\tex/generic/pgf/systemlayer\pgf.cfg
File: pgf.cfg 2023-01-15 v3.1.10 (3.1.10)
)
Driver file for pgf: pgfsys-pdftex.def
 (C:\Users\chris\AppData\Local\Programs\MiKTeX\tex/generic/pgf/systemlayer\pgfsys-pdftex.def
File: pgfsys-pdftex.def 2023-01-15 v3.1.10 (3.1.10)
 (C:\Users\chris\AppData\Local\Programs\MiKTeX\tex/generic/pgf/systemlayer\pgfsys-common-pdf.def
File: pgfsys-common-pdf.def 2023-01-15 v3.1.10 (3.1.10)
))) (C:\Users\chris\AppData\Local\Programs\MiKTeX\tex/generic/pgf/systemlayer\pgfsyssoftpath.code.tex
File: pgfsyssoftpath.code.tex 2023-01-15 v3.1.10 (3.1.10)
\pgfsyssoftpath@smallbuffer@items=\count266
\pgfsyssoftpath@bigbuffer@items=\count267
) (C:\Users\chris\AppData\Local\Programs\MiKTeX\tex/generic/pgf/systemlayer\pgfsysprotocol.code.tex
File: pgfsysprotocol.code.tex 2023-01-15 v3.1.10 (3.1.10)
)) (C:\Users\chris\AppData\Local\Programs\MiKTeX\tex/latex/xcolor\xcolor.sty
Package: xcolor 2023/11/15 v3.01 LaTeX color extensions (UK)
 (C:\Users\chris\AppData\Local\Programs\MiKTeX\tex/latex/graphics-cfg\color.cfg
File: color.cfg 2016/01/02 v1.6 sample color configuration
)
Package xcolor Info: Driver file: pdftex.def on input line 274.
 (C:\Users\chris\AppData\Local\Programs\MiKTeX\tex/latex/graphics\mathcolor.ltx)
Package xcolor Info: Model `cmy' substituted by `cmy0' on input line 1350.
Package xcolor Info: Model `hsb' substituted by `rgb' on input line 1354.
Package xcolor Info: Model `RGB' extended on input line 1366.
Package xcolor Info: Model `HTML' substituted by `rgb' on input line 1368.
Package xcolor Info: Model `Hsb' substituted by `hsb' on input line 1369.
Package xcolor Info: Model `tHsb' substituted by `hsb' on input line 1370.
Package xcolor Info: Model `HSB' substituted by `hsb' on input line 1371.
Package xcolor Info: Model `Gray' substituted by `gray' on input line 1372.
Package xcolor Info: Model `wave' substituted by `hsb' on input line 1373.
) (C:\Users\chris\AppData\Local\Programs\MiKTeX\tex/generic/pgf/basiclayer\pgfcore.code.tex
Package: pgfcore 2023-01-15 v3.1.10 (3.1.10)
 (C:\Users\chris\AppData\Local\Programs\MiKTeX\tex/generic/pgf/math\pgfmath.code.tex (C:\Users\chris\AppData\Local\Programs\MiKTeX\tex/generic/pgf/math\pgfmathutil.code.tex) (C:\Users\chris\AppData\Local\Programs\MiKTeX\tex/generic/pgf/math\pgfmathparser.code.tex
\pgfmath@dimen=\dimen155
\pgfmath@count=\count268
\pgfmath@box=\box52
\pgfmath@toks=\toks25
\pgfmath@stack@operand=\toks26
\pgfmath@stack@operation=\toks27
) (C:\Users\chris\AppData\Local\Programs\MiKTeX\tex/generic/pgf/math\pgfmathfunctions.code.tex) (C:\Users\chris\AppData\Local\Programs\MiKTeX\tex/generic/pgf/math\pgfmathfunctions.basic.code.tex) (C:\Users\chris\AppData\Local\Programs\MiKTeX\tex/generic/pgf/math\pgfmathfunctions.trigonometric.code.tex) (C:\Users\chris\AppData\Local\Programs\MiKTeX\tex/generic/pgf/math\pgfmathfunctions.random.code.tex) (C:\Users\chris\AppData\Local\Programs\MiKTeX\tex/generic/pgf/math\pgfmathfunctions.comparison.code.tex) (C:\Users\chris\AppData\Local\Programs\MiKTeX\tex/generic/pgf/math\pgfmathfunctions.base.code.tex) (C:\Users\chris\AppData\Local\Programs\MiKTeX\tex/generic/pgf/math\pgfmathfunctions.round.code.tex) (C:\Users\chris\AppData\Local\Programs\MiKTeX\tex/generic/pgf/math\pgfmathfunctions.misc.code.tex) (C:\Users\chris\AppData\Local\Programs\MiKTeX\tex/generic/pgf/math\pgfmathfunctions.integerarithmetics.code.tex) (C:\Users\chris\AppData\Local\Programs\MiKTeX\tex/generic/pgf/math\pgfmathcalc.code.tex) (C:\Users\chris\AppData\Local\Programs\MiKTeX\tex/generic/pgf/math\pgfmathfloat.code.tex
\c@pgfmathroundto@lastzeros=\count269
)) (C:\Users\chris\AppData\Local\Programs\MiKTeX\tex/generic/pgf/math\pgfint.code.tex) (C:\Users\chris\AppData\Local\Programs\MiKTeX\tex/generic/pgf/basiclayer\pgfcorepoints.code.tex
File: pgfcorepoints.code.tex 2023-01-15 v3.1.10 (3.1.10)
\pgf@picminx=\dimen156
\pgf@picmaxx=\dimen157
\pgf@picminy=\dimen158
\pgf@picmaxy=\dimen159
\pgf@pathminx=\dimen160
\pgf@pathmaxx=\dimen161
\pgf@pathminy=\dimen162
\pgf@pathmaxy=\dimen163
\pgf@xx=\dimen164
\pgf@xy=\dimen165
\pgf@yx=\dimen166
\pgf@yy=\dimen167
\pgf@zx=\dimen168
\pgf@zy=\dimen169
) (C:\Users\chris\AppData\Local\Programs\MiKTeX\tex/generic/pgf/basiclayer\pgfcorepathconstruct.code.tex
File: pgfcorepathconstruct.code.tex 2023-01-15 v3.1.10 (3.1.10)
\pgf@path@lastx=\dimen170
\pgf@path@lasty=\dimen171
) (C:\Users\chris\AppData\Local\Programs\MiKTeX\tex/generic/pgf/basiclayer\pgfcorepathusage.code.tex
File: pgfcorepathusage.code.tex 2023-01-15 v3.1.10 (3.1.10)
\pgf@shorten@end@additional=\dimen172
\pgf@shorten@start@additional=\dimen173
) (C:\Users\chris\AppData\Local\Programs\MiKTeX\tex/generic/pgf/basiclayer\pgfcorescopes.code.tex
File: pgfcorescopes.code.tex 2023-01-15 v3.1.10 (3.1.10)
\pgfpic=\box53
\pgf@hbox=\box54
\pgf@layerbox@main=\box55
\pgf@picture@serial@count=\count270
) (C:\Users\chris\AppData\Local\Programs\MiKTeX\tex/generic/pgf/basiclayer\pgfcoregraphicstate.code.tex
File: pgfcoregraphicstate.code.tex 2023-01-15 v3.1.10 (3.1.10)
\pgflinewidth=\dimen174
) (C:\Users\chris\AppData\Local\Programs\MiKTeX\tex/generic/pgf/basiclayer\pgfcoretransformations.code.tex
File: pgfcoretransformations.code.tex 2023-01-15 v3.1.10 (3.1.10)
\pgf@pt@x=\dimen175
\pgf@pt@y=\dimen176
\pgf@pt@temp=\dimen177
) (C:\Users\chris\AppData\Local\Programs\MiKTeX\tex/generic/pgf/basiclayer\pgfcorequick.code.tex
File: pgfcorequick.code.tex 2023-01-15 v3.1.10 (3.1.10)
) (C:\Users\chris\AppData\Local\Programs\MiKTeX\tex/generic/pgf/basiclayer\pgfcoreobjects.code.tex
File: pgfcoreobjects.code.tex 2023-01-15 v3.1.10 (3.1.10)
) (C:\Users\chris\AppData\Local\Programs\MiKTeX\tex/generic/pgf/basiclayer\pgfcorepathprocessing.code.tex
File: pgfcorepathprocessing.code.tex 2023-01-15 v3.1.10 (3.1.10)
) (C:\Users\chris\AppData\Local\Programs\MiKTeX\tex/generic/pgf/basiclayer\pgfcorearrows.code.tex
File: pgfcorearrows.code.tex 2023-01-15 v3.1.10 (3.1.10)
\pgfarrowsep=\dimen178
) (C:\Users\chris\AppData\Local\Programs\MiKTeX\tex/generic/pgf/basiclayer\pgfcoreshade.code.tex
File: pgfcoreshade.code.tex 2023-01-15 v3.1.10 (3.1.10)
\pgf@max=\dimen179
\pgf@sys@shading@range@num=\count271
\pgf@shadingcount=\count272
) (C:\Users\chris\AppData\Local\Programs\MiKTeX\tex/generic/pgf/basiclayer\pgfcoreimage.code.tex
File: pgfcoreimage.code.tex 2023-01-15 v3.1.10 (3.1.10)
) (C:\Users\chris\AppData\Local\Programs\MiKTeX\tex/generic/pgf/basiclayer\pgfcoreexternal.code.tex
File: pgfcoreexternal.code.tex 2023-01-15 v3.1.10 (3.1.10)
\pgfexternal@startupbox=\box56
) (C:\Users\chris\AppData\Local\Programs\MiKTeX\tex/generic/pgf/basiclayer\pgfcorelayers.code.tex
File: pgfcorelayers.code.tex 2023-01-15 v3.1.10 (3.1.10)
) (C:\Users\chris\AppData\Local\Programs\MiKTeX\tex/generic/pgf/basiclayer\pgfcoretransparency.code.tex
File: pgfcoretransparency.code.tex 2023-01-15 v3.1.10 (3.1.10)
) (C:\Users\chris\AppData\Local\Programs\MiKTeX\tex/generic/pgf/basiclayer\pgfcorepatterns.code.tex
File: pgfcorepatterns.code.tex 2023-01-15 v3.1.10 (3.1.10)
) (C:\Users\chris\AppData\Local\Programs\MiKTeX\tex/generic/pgf/basiclayer\pgfcorerdf.code.tex
File: pgfcorerdf.code.tex 2023-01-15 v3.1.10 (3.1.10)
))) (C:\Users\chris\AppData\Local\Programs\MiKTeX\tex/generic/pgf/modules\pgfmoduleshapes.code.tex
File: pgfmoduleshapes.code.tex 2023-01-15 v3.1.10 (3.1.10)
\pgfnodeparttextbox=\box57
) (C:\Users\chris\AppData\Local\Programs\MiKTeX\tex/generic/pgf/modules\pgfmoduleplot.code.tex
File: pgfmoduleplot.code.tex 2023-01-15 v3.1.10 (3.1.10)
) (C:\Users\chris\AppData\Local\Programs\MiKTeX\tex/latex/pgf/compatibility\pgfcomp-version-0-65.sty
Package: pgfcomp-version-0-65 2023-01-15 v3.1.10 (3.1.10)
\pgf@nodesepstart=\dimen180
\pgf@nodesepend=\dimen181
) (C:\Users\chris\AppData\Local\Programs\MiKTeX\tex/latex/pgf/compatibility\pgfcomp-version-1-18.sty
Package: pgfcomp-version-1-18 2023-01-15 v3.1.10 (3.1.10)
)) (C:\Users\chris\AppData\Local\Programs\MiKTeX\tex/latex/pgf/utilities\pgffor.sty (C:\Users\chris\AppData\Local\Programs\MiKTeX\tex/latex/pgf/utilities\pgfkeys.sty (C:\Users\chris\AppData\Local\Programs\MiKTeX\tex/generic/pgf/utilities\pgfkeys.code.tex)) (C:\Users\chris\AppData\Local\Programs\MiKTeX\tex/latex/pgf/math\pgfmath.sty (C:\Users\chris\AppData\Local\Programs\MiKTeX\tex/generic/pgf/math\pgfmath.code.tex)) (C:\Users\chris\AppData\Local\Programs\MiKTeX\tex/generic/pgf/utilities\pgffor.code.tex
Package: pgffor 2023-01-15 v3.1.10 (3.1.10)
\pgffor@iter=\dimen182
\pgffor@skip=\dimen183
\pgffor@stack=\toks28
\pgffor@toks=\toks29
)) (C:\Users\chris\AppData\Local\Programs\MiKTeX\tex/generic/pgf/frontendlayer/tikz\tikz.code.tex
Package: tikz 2023-01-15 v3.1.10 (3.1.10)
 (C:\Users\chris\AppData\Local\Programs\MiKTeX\tex/generic/pgf/libraries\pgflibraryplothandlers.code.tex
File: pgflibraryplothandlers.code.tex 2023-01-15 v3.1.10 (3.1.10)
\pgf@plot@mark@count=\count273
\pgfplotmarksize=\dimen184
)
\tikz@lastx=\dimen185
\tikz@lasty=\dimen186
\tikz@lastxsaved=\dimen187
\tikz@lastysaved=\dimen188
\tikz@lastmovetox=\dimen189
\tikz@lastmovetoy=\dimen190
\tikzleveldistance=\dimen191
\tikzsiblingdistance=\dimen192
\tikz@figbox=\box58
\tikz@figbox@bg=\box59
\tikz@tempbox=\box60
\tikz@tempbox@bg=\box61
\tikztreelevel=\count274
\tikznumberofchildren=\count275
\tikznumberofcurrentchild=\count276
\tikz@fig@count=\count277
 (C:\Users\chris\AppData\Local\Programs\MiKTeX\tex/generic/pgf/modules\pgfmodulematrix.code.tex
File: pgfmodulematrix.code.tex 2023-01-15 v3.1.10 (3.1.10)
\pgfmatrixcurrentrow=\count278
\pgfmatrixcurrentcolumn=\count279
\pgf@matrix@numberofcolumns=\count280
)
\tikz@expandcount=\count281
 (C:\Users\chris\AppData\Local\Programs\MiKTeX\tex/generic/pgf/frontendlayer/tikz/libraries\tikzlibrarytopaths.code.tex
File: tikzlibrarytopaths.code.tex 2023-01-15 v3.1.10 (3.1.10)
))) (C:\Users\chris\AppData\Local\Programs\MiKTeX\tex/latex/grafcet\grafcet.sty
Package: grafcet 2007/03/05
 (C:\Users\chris\AppData\Local\Programs\MiKTeX\tex/generic/pgf/frontendlayer/tikz/libraries\tikzlibraryshapes.code.tex
File: tikzlibraryshapes.code.tex 2023-01-15 v3.1.10 (3.1.10)
 (C:\Users\chris\AppData\Local\Programs\MiKTeX\tex/generic/pgf/frontendlayer/tikz/libraries\tikzlibraryshapes.geometric.code.tex
File: tikzlibraryshapes.geometric.code.tex 2023-01-15 v3.1.10 (3.1.10)
 (C:\Users\chris\AppData\Local\Programs\MiKTeX\tex/generic/pgf/libraries/shapes\pgflibraryshapes.geometric.code.tex
File: pgflibraryshapes.geometric.code.tex 2023-01-15 v3.1.10 (3.1.10)
)) (C:\Users\chris\AppData\Local\Programs\MiKTeX\tex/generic/pgf/frontendlayer/tikz/libraries\tikzlibraryshapes.misc.code.tex
File: tikzlibraryshapes.misc.code.tex 2023-01-15 v3.1.10 (3.1.10)
 (C:\Users\chris\AppData\Local\Programs\MiKTeX\tex/generic/pgf/libraries/shapes\pgflibraryshapes.misc.code.tex
File: pgflibraryshapes.misc.code.tex 2023-01-15 v3.1.10 (3.1.10)
)) (C:\Users\chris\AppData\Local\Programs\MiKTeX\tex/generic/pgf/frontendlayer/tikz/libraries\tikzlibraryshapes.symbols.code.tex
File: tikzlibraryshapes.symbols.code.tex 2023-01-15 v3.1.10 (3.1.10)
 (C:\Users\chris\AppData\Local\Programs\MiKTeX\tex/generic/pgf/libraries/shapes\pgflibraryshapes.symbols.code.tex
File: pgflibraryshapes.symbols.code.tex 2023-01-15 v3.1.10 (3.1.10)
)) (C:\Users\chris\AppData\Local\Programs\MiKTeX\tex/generic/pgf/frontendlayer/tikz/libraries\tikzlibraryshapes.arrows.code.tex
File: tikzlibraryshapes.arrows.code.tex 2023-01-15 v3.1.10 (3.1.10)
 (C:\Users\chris\AppData\Local\Programs\MiKTeX\tex/generic/pgf/libraries/shapes\pgflibraryshapes.arrows.code.tex
File: pgflibraryshapes.arrows.code.tex 2023-01-15 v3.1.10 (3.1.10)
)) (C:\Users\chris\AppData\Local\Programs\MiKTeX\tex/generic/pgf/frontendlayer/tikz/libraries\tikzlibraryshapes.callouts.code.tex (C:\Users\chris\AppData\Local\Programs\MiKTeX\tex/generic/pgf/libraries/shapes\pgflibraryshapes.callouts.code.tex)) (C:\Users\chris\AppData\Local\Programs\MiKTeX\tex/generic/pgf/frontendlayer/tikz/libraries\tikzlibraryshapes.multipart.code.tex
File: tikzlibraryshapes.multipart.code.tex 2023-01-15 v3.1.10 (3.1.10)
 (C:\Users\chris\AppData\Local\Programs\MiKTeX\tex/generic/pgf/libraries/shapes\pgflibraryshapes.multipart.code.tex
File: pgflibraryshapes.multipart.code.tex 2023-01-15 v3.1.10 (3.1.10)
\pgfnodepartlowerbox=\box62
\pgfnodeparttwobox=\box63
\pgfnodepartthreebox=\box64
\pgfnodepartfourbox=\box65
\pgfnodeparttwentybox=\box66
\pgfnodepartnineteenbox=\box67
\pgfnodeparteighteenbox=\box68
\pgfnodepartseventeenbox=\box69
\pgfnodepartsixteenbox=\box70
\pgfnodepartfifteenbox=\box71
\pgfnodepartfourteenbox=\box72
\pgfnodepartthirteenbox=\box73
\pgfnodeparttwelvebox=\box74
\pgfnodepartelevenbox=\box75
\pgfnodeparttenbox=\box76
\pgfnodepartninebox=\box77
\pgfnodeparteightbox=\box78
\pgfnodepartsevenbox=\box79
\pgfnodepartsixbox=\box80
\pgfnodepartfivebox=\box81
))) (C:\Users\chris\AppData\Local\Programs\MiKTeX\tex/generic/pgf/frontendlayer/tikz/libraries\tikzlibraryarrows.code.tex
File: tikzlibraryarrows.code.tex 2023-01-15 v3.1.10 (3.1.10)
 (C:\Users\chris\AppData\Local\Programs\MiKTeX\tex/generic/pgf/libraries\pgflibraryarrows.code.tex
File: pgflibraryarrows.code.tex 2023-01-15 v3.1.10 (3.1.10)
\arrowsize=\dimen193
)) (C:\Users\chris\AppData\Local\Programs\MiKTeX\tex/latex/base\ifthen.sty
Package: ifthen 2022/04/13 v1.1d Standard LaTeX ifthen package (DPC)
) (C:\Users\chris\AppData\Local\Programs\MiKTeX\tex/fonts/ifsym\ifsym.sty
Package: ifsym 2000/04/18 I.Kloeckl
 (C:\Users\chris\AppData\Local\Programs\MiKTeX\tex/latex/tools\calc.sty
Package: calc 2023/07/08 v4.3 Infix arithmetic (KKT,FJ)
\calc@Acount=\count282
\calc@Bcount=\count283
\calc@Adimen=\dimen194
\calc@Bdimen=\dimen195
\calc@Askip=\skip50
\calc@Bskip=\skip51
LaTeX Info: Redefining \setlength on input line 80.
LaTeX Info: Redefining \addtolength on input line 81.
\calc@Ccount=\count284
\calc@Cskip=\skip52
)
\c@ifsymcnt=\count285
)) (C:\Users\chris\AppData\Local\Programs\MiKTeX\tex/latex/l3backend\l3backend-pdftex.def
File: l3backend-pdftex.def 2024-01-04 L3 backend support: PDF output (pdfTeX)
\l__color_backend_stack_int=\count286
\l__pdf_internal_box=\box82
) (grafcet.aux)
\openout1 = `grafcet.aux'.

LaTeX Font Info:    Checking defaults for OML/cmm/m/it on input line 4.
LaTeX Font Info:    ... okay on input line 4.
LaTeX Font Info:    Checking defaults for OMS/cmsy/m/n on input line 4.
LaTeX Font Info:    ... okay on input line 4.
LaTeX Font Info:    Checking defaults for OT1/cmr/m/n on input line 4.
LaTeX Font Info:    ... okay on input line 4.
LaTeX Font Info:    Checking defaults for T1/cmr/m/n on input line 4.
LaTeX Font Info:    ... okay on input line 4.
LaTeX Font Info:    Checking defaults for TS1/cmr/m/n on input line 4.
LaTeX Font Info:    ... okay on input line 4.
LaTeX Font Info:    Checking defaults for OMX/cmex/m/n on input line 4.
LaTeX Font Info:    ... okay on input line 4.
LaTeX Font Info:    Checking defaults for U/cmr/m/n on input line 4.
LaTeX Font Info:    ... okay on input line 4.
 (C:\Users\chris\AppData\Local\Programs\MiKTeX\tex/context/base/mkii\supp-pdf.mkii
[Loading MPS to PDF converter (version 2006.09.02).]
\scratchcounter=\count287
\scratchdimen=\dimen196
\scratchbox=\box83
\nofMPsegments=\count288
\nofMParguments=\count289
\everyMPshowfont=\toks30
\MPscratchCnt=\count290
\MPscratchDim=\dimen197
\MPnumerator=\count291
\makeMPintoPDFobject=\count292
\everyMPtoPDFconversion=\toks31
) (C:\Users\chris\AppData\Local\Programs\MiKTeX\tex/latex/epstopdf-pkg\epstopdf-base.sty
Package: epstopdf-base 2020-01-24 v2.11 Base part for package epstopdf
Package epstopdf-base Info: Redefining graphics rule for `.eps' on input line 485.
 (C:\Users\chris\AppData\Local\Programs\MiKTeX\tex/latex/00miktex\epstopdf-sys.cfg
File: epstopdf-sys.cfg 2021/03/18 v2.0 Configuration of epstopdf for MiKTeX
))

c:/Users/chris/OneDrive/Desktop/UNAL/2024-II/APM/Los-Juguetes-Hermanos/2. Industria 4.0 en la Automatización/Figuras/Grafcet/grafcet.tex:27: Package pgf Error: No shape named `RT5adj' is known.

See the pgf package documentation for explanation.
Type  H <return>  for immediate help.
 ...                                              
                                                  
l.27 \Recept{T5adj}{$20\,s$}
                             % 20-second painting delay
This error message was generated by an \errmessage
command, so I can't give any explicit help.
Pretend that you're Hercule Poirot: Examine all clues,
and deduce the truth by order and method.

LaTeX Font Info:    External font `cmex10' loaded for size
(Font)              <7> on input line 27.
LaTeX Font Info:    External font `cmex10' loaded for size
(Font)              <5> on input line 27.

c:/Users/chris/OneDrive/Desktop/UNAL/2024-II/APM/Los-Juguetes-Hermanos/2. Industria 4.0 en la Automatización/Figuras/Grafcet/grafcet.tex:48: Package PGF Math Error: Unknown function `T8' (in 'T8').

See the PGF Math package documentation for explanation.
Type  H <return>  for immediate help.
 ...                                              
                                                  
l.48 \Etape
           [C2]{10} % Step 10: Pick and Place packaging complete
(That was another \errmessage.)


c:/Users/chris/OneDrive/Desktop/UNAL/2024-II/APM/Los-Juguetes-Hermanos/2. Industria 4.0 en la Automatización/Figuras/Grafcet/grafcet.tex:48: Package PGF Math Error: Unknown function `T9' (in 'T9.base').

See the PGF Math package documentation for explanation.
Type  H <return>  for immediate help.
 ...                                              
                                                  
l.48 \Etape
           [C2]{10} % Step 10: Pick and Place packaging complete
(That was another \errmessage.)


c:/Users/chris/OneDrive/Desktop/UNAL/2024-II/APM/Los-Juguetes-Hermanos/2. Industria 4.0 en la Automatización/Figuras/Grafcet/grafcet.tex:48: Package PGF Math Error: Unknown function `T8' (in 'T8').

See the PGF Math package documentation for explanation.
Type  H <return>  for immediate help.
 ...                                              
                                                  
l.48 \Etape
           [C2]{10} % Step 10: Pick and Place packaging complete
(That was another \errmessage.)


c:/Users/chris/OneDrive/Desktop/UNAL/2024-II/APM/Los-Juguetes-Hermanos/2. Industria 4.0 en la Automatización/Figuras/Grafcet/grafcet.tex:48: Package PGF Math Error: Unknown function `T9' (in 'T9.base').

See the PGF Math package documentation for explanation.
Type  H <return>  for immediate help.
 ...                                              
                                                  
l.48 \Etape
           [C2]{10} % Step 10: Pick and Place packaging complete
(That was another \errmessage.)


c:/Users/chris/OneDrive/Desktop/UNAL/2024-II/APM/Los-Juguetes-Hermanos/2. Industria 4.0 en la Automatización/Figuras/Grafcet/grafcet.tex:48: Package pgfkeys Error: I do not know the key '/tikz/T9' and I am going to ignore it. Perhaps you misspelled it.

See the pgfkeys package documentation for explanation.
Type  H <return>  for immediate help.
 ...                                              
                                                  
l.48 \Etape
           [C2]{10} % Step 10: Pick and Place packaging complete
(That was another \errmessage.)


c:/Users/chris/OneDrive/Desktop/UNAL/2024-II/APM/Los-Juguetes-Hermanos/2. Industria 4.0 en la Automatización/Figuras/Grafcet/grafcet.tex:48: Package pgf Error: No shape named `divT8' is known.

See the pgf package documentation for explanation.
Type  H <return>  for immediate help.
 ...                                              
                                                  
l.48 \Etape
           [C2]{10} % Step 10: Pick and Place packaging complete
(That was another \errmessage.)


c:/Users/chris/OneDrive/Desktop/UNAL/2024-II/APM/Los-Juguetes-Hermanos/2. Industria 4.0 en la Automatización/Figuras/Grafcet/grafcet.tex:48: Package PGF Math Error: Unknown function `divT8' (in 'divT8').

See the PGF Math package documentation for explanation.
Type  H <return>  for immediate help.
 ...                                              
                                                  
l.48 \Etape
           [C2]{10} % Step 10: Pick and Place packaging complete
(That was another \errmessage.)


c:/Users/chris/OneDrive/Desktop/UNAL/2024-II/APM/Los-Juguetes-Hermanos/2. Industria 4.0 en la Automatización/Figuras/Grafcet/grafcet.tex:48: Package PGF Math Error: Unknown function `T9' (in 'T9').

See the PGF Math package documentation for explanation.
Type  H <return>  for immediate help.
 ...                                              
                                                  
l.48 \Etape
           [C2]{10} % Step 10: Pick and Place packaging complete
(That was another \errmessage.)


c:/Users/chris/OneDrive/Desktop/UNAL/2024-II/APM/Los-Juguetes-Hermanos/2. Industria 4.0 en la Automatización/Figuras/Grafcet/grafcet.tex:48: Package PGF Math Error: Unknown function `divT8' (in 'divT8').

See the PGF Math package documentation for explanation.
Type  H <return>  for immediate help.
 ...                                              
                                                  
l.48 \Etape
           [C2]{10} % Step 10: Pick and Place packaging complete
(That was another \errmessage.)


c:/Users/chris/OneDrive/Desktop/UNAL/2024-II/APM/Los-Juguetes-Hermanos/2. Industria 4.0 en la Automatización/Figuras/Grafcet/grafcet.tex:48: Package PGF Math Error: Unknown function `T9' (in 'T9').

See the PGF Math package documentation for explanation.
Type  H <return>  for immediate help.
 ...                                              
                                                  
l.48 \Etape
           [C2]{10} % Step 10: Pick and Place packaging complete
(That was another \errmessage.)


c:/Users/chris/OneDrive/Desktop/UNAL/2024-II/APM/Los-Juguetes-Hermanos/2. Industria 4.0 en la Automatización/Figuras/Grafcet/grafcet.tex:48: Package pgfkeys Error: I do not know the key '/tikz/T9' and I am going to ignore it. Perhaps you misspelled it.

See the pgfkeys package documentation for explanation.
Type  H <return>  for immediate help.
 ...                                              
                                                  
l.48 \Etape
           [C2]{10} % Step 10: Pick and Place packaging complete
(That was another \errmessage.)


c:/Users/chris/OneDrive/Desktop/UNAL/2024-II/APM/Los-Juguetes-Hermanos/2. Industria 4.0 en la Automatización/Figuras/Grafcet/grafcet.tex:48: Package pgf Error: No shape named `divT8' is known.

See the pgf package documentation for explanation.
Type  H <return>  for immediate help.
 ...                                              
                                                  
l.48 \Etape
           [C2]{10} % Step 10: Pick and Place packaging complete
(That was another \errmessage.)


c:/Users/chris/OneDrive/Desktop/UNAL/2024-II/APM/Los-Juguetes-Hermanos/2. Industria 4.0 en la Automatización/Figuras/Grafcet/grafcet.tex:48: Package pgfkeys Error: I do not know the key '/tikz/T9' and I am going to ignore it. Perhaps you misspelled it.

See the pgfkeys package documentation for explanation.
Type  H <return>  for immediate help.
 ...                                              
                                                  
l.48 \Etape
           [C2]{10} % Step 10: Pick and Place packaging complete
(That was another \errmessage.)

c:/Users/chris/OneDrive/Desktop/UNAL/2024-II/APM/Los-Juguetes-Hermanos/2. Industria 4.0 en la Automatización/Figuras/Grafcet/grafcet.tex:48: Use of \\DecaleNoeudx doesn't match its definition.
\kernel@ifnextchar ...rved@d =#1\def \reserved@a {
                                                  #2}\def \reserved@b {#3}\f...
l.48 \Etape
           [C2]{10} % Step 10: Pick and Place packaging complete
If you say, e.g., `\def\a1{...}', then you must always
put `1' after `\a', since control sequence names are
made up of letters only. The macro here has not been
followed by the required stuff, so I'm ignoring it.

c:/Users/chris/OneDrive/Desktop/UNAL/2024-II/APM/Los-Juguetes-Hermanos/2. Industria 4.0 en la Automatización/Figuras/Grafcet/grafcet.tex:48: Use of \\Etape doesn't match its definition.
\kernel@ifnextchar ...d@d =#1\def \reserved@a {#2}
                                                  \def \reserved@b {#3}\futu...
l.48 \Etape
           [C2]{10} % Step 10: Pick and Place packaging complete
If you say, e.g., `\def\a1{...}', then you must always
put `1' after `\a', since control sequence names are
made up of letters only. The macro here has not been
followed by the required stuff, so I'm ignoring it.

c:/Users/chris/OneDrive/Desktop/UNAL/2024-II/APM/Los-Juguetes-Hermanos/2. Industria 4.0 en la Automatización/Figuras/Grafcet/grafcet.tex:48: Use of \tikz@fig@scan@name doesn't match its definition.
\pgfutil@ifnextchar ...1\def \pgfutil@reserved@a {
                                                  #2}\def \pgfutil@reserved@...
l.48 \Etape
           [C2]{10} % Step 10: Pick and Place packaging complete
If you say, e.g., `\def\a1{...}', then you must always
put `1' after `\a', since control sequence names are
made up of letters only. The macro here has not been
followed by the required stuff, so I'm ignoring it.

c:/Users/chris/OneDrive/Desktop/UNAL/2024-II/APM/Los-Juguetes-Hermanos/2. Industria 4.0 en la Automatización/Figuras/Grafcet/grafcet.tex:48: Argument of \tikz@path@overlayed has an extra }.
<inserted text> 
                \par 
l.48 \Etape
           [C2]{10} % Step 10: Pick and Place packaging complete
I've run across a `}' that doesn't seem to match anything.
For example, `\def\a#1{...}' and `\a}' would produce
this error. If you simply proceed now, the `\par' that
I've just inserted will cause me to report a runaway
argument that might be the root of the problem. But if
your `}' was spurious, just type `2' and it will go away.

Runaway argument?
{node}
c:/Users/chris/OneDrive/Desktop/UNAL/2024-II/APM/Los-Juguetes-Hermanos/2. Industria 4.0 en la Automatización/Figuras/Grafcet/grafcet.tex:48: Paragraph ended before \tikz@path@overlayed was complete.
<to be read again> 
                   \par 
l.48 \Etape
           [C2]{10} % Step 10: Pick and Place packaging complete
I suspect you've forgotten a `}', causing me to apply this
control sequence to too much text. How can we recover?
My plan is to forget the whole thing and hope for the best.


c:/Users/chris/OneDrive/Desktop/UNAL/2024-II/APM/Los-Juguetes-Hermanos/2. Industria 4.0 en la Automatización/Figuras/Grafcet/grafcet.tex:48: Package tikz Error: A node must have a (possibly empty) label text.

See the tikz package documentation for explanation.
Type  H <return>  for immediate help.
 ...                                              
                                                  
l.48 \Etape
           [C2]{10} % Step 10: Pick and Place packaging complete
(That was another \errmessage.)

c:/Users/chris/OneDrive/Desktop/UNAL/2024-II/APM/Los-Juguetes-Hermanos/2. Industria 4.0 en la Automatización/Figuras/Grafcet/grafcet.tex:48: Argument of \\Etape has an extra }.
<inserted text> 
                \par 
l.48 \Etape
           [C2]{10} % Step 10: Pick and Place packaging complete
I've run across a `}' that doesn't seem to match anything.
For example, `\def\a#1{...}' and `\a}' would produce
this error. If you simply proceed now, the `\par' that
I've just inserted will cause me to report a runaway
argument that might be the root of the problem. But if
your `}' was spurious, just type `2' and it will go away.

Runaway argument?
{NoeudGraf}\csname pgfk@/tikz/name suffix\endcsname \endcsname \relax \ETC.
c:/Users/chris/OneDrive/Desktop/UNAL/2024-II/APM/Los-Juguetes-Hermanos/2. Industria 4.0 en la Automatización/Figuras/Grafcet/grafcet.tex:48: Paragraph ended before \\Etape was complete.
<to be read again> 
                   \par 
l.48 \Etape
           [C2]{10} % Step 10: Pick and Place packaging complete
I suspect you've forgotten a `}', causing me to apply this
control sequence to too much text. How can we recover?
My plan is to forget the whole thing and hope for the best.

c:/Users/chris/OneDrive/Desktop/UNAL/2024-II/APM/Los-Juguetes-Hermanos/2. Industria 4.0 en la Automatización/Figuras/Grafcet/grafcet.tex:48: Missing \endcsname inserted.
<to be read again> 
                   \scan_stop: 
l.48 \Etape
           [C2]{10} % Step 10: Pick and Place packaging complete
The control sequence marked <to be read again> should
not appear between \csname and \endcsname.

c:/Users/chris/OneDrive/Desktop/UNAL/2024-II/APM/Los-Juguetes-Hermanos/2. Industria 4.0 en la Automatización/Figuras/Grafcet/grafcet.tex:48: Argument of \use_i:nn has an extra }.
<inserted text> 
                \par 
l.48 \Etape
           [C2]{10} % Step 10: Pick and Place packaging complete
I've run across a `}' that doesn't seem to match anything.
For example, `\def\a#1{...}' and `\a}' would produce
this error. If you simply proceed now, the `\par' that
I've just inserted will cause me to report a runaway
argument that might be the root of the problem. But if
your `}' was spurious, just type `2' and it will go away.

Runaway argument?
c:/Users/chris/OneDrive/Desktop/UNAL/2024-II/APM/Los-Juguetes-Hermanos/2. Industria 4.0 en la Automatización/Figuras/Grafcet/grafcet.tex:48: Paragraph ended before \use_i:nn was complete.
<to be read again> 
                   \par 
l.48 \Etape
           [C2]{10} % Step 10: Pick and Place packaging complete
I suspect you've forgotten a `}', causing me to apply this
control sequence to too much text. How can we recover?
My plan is to forget the whole thing and hope for the best.


c:/Users/chris/OneDrive/Desktop/UNAL/2024-II/APM/Los-Juguetes-Hermanos/2. Industria 4.0 en la Automatización/Figuras/Grafcet/grafcet.tex:48: Package tikz Error: Giving up on this path. Did you forget a semicolon?.

See the tikz package documentation for explanation.
Type  H <return>  for immediate help.
 ...                                              
                                                  
l.48 \Etape
           [C2]{10} % Step 10: Pick and Place packaging complete
(That was another \errmessage.)

Missing character: There is no , in font nullfont!
Missing character: There is no n in font nullfont!
Missing character: There is no o in font nullfont!
Missing character: There is no d in font nullfont!
Missing character: There is no e in font nullfont!
Missing character: There is no d in font nullfont!
Missing character: There is no i in font nullfont!
Missing character: There is no s in font nullfont!
Missing character: There is no t in font nullfont!
Missing character: There is no a in font nullfont!
Missing character: There is no n in font nullfont!
Missing character: There is no c in font nullfont!
Missing character: There is no e in font nullfont!
Missing character: There is no = in font nullfont!
Missing character: There is no 0 in font nullfont!
Missing character: There is no e in font nullfont!
Missing character: There is no m in font nullfont!
Missing character: There is no ] in font nullfont!
Missing character: There is no ( in font nullfont!
c:/Users/chris/OneDrive/Desktop/UNAL/2024-II/APM/Los-Juguetes-Hermanos/2. Industria 4.0 en la Automatización/Figuras/Grafcet/grafcet.tex:48: Missing control sequence inserted.
<inserted text> 
                \inaccessible 
l.48 \Etape
           [C2]{10} % Step 10: Pick and Place packaging complete
Please don't say `\def cs{...}', say `\def\cs{...}'.
I've inserted an inaccessible control sequence so that your
definition will be completed without mixing me up too badly.
You can recover graciously from this error, if you're
careful; see exercise 27.2 in The TeXbook.

Missing character: There is no ) in font nullfont!
Missing character: There is no ; in font nullfont!
c:/Users/chris/OneDrive/Desktop/UNAL/2024-II/APM/Los-Juguetes-Hermanos/2. Industria 4.0 en la Automatización/Figuras/Grafcet/grafcet.tex:48: Missing \endcsname inserted.
<to be read again> 
                   \futurelet 
l.48 \Etape
           [C2]{10} % Step 10: Pick and Place packaging complete
The control sequence marked <to be read again> should
not appear between \csname and \endcsname.

c:/Users/chris/OneDrive/Desktop/UNAL/2024-II/APM/Los-Juguetes-Hermanos/2. Industria 4.0 en la Automatización/Figuras/Grafcet/grafcet.tex:48: Missing \endcsname inserted.
<to be read again> 
                   \futurelet 
l.48 \Etape
           [C2]{10} % Step 10: Pick and Place packaging complete
The control sequence marked <to be read again> should
not appear between \csname and \endcsname.

c:/Users/chris/OneDrive/Desktop/UNAL/2024-II/APM/Los-Juguetes-Hermanos/2. Industria 4.0 en la Automatización/Figuras/Grafcet/grafcet.tex:48: Missing \endcsname inserted.
<to be read again> 
                   \futurelet 
l.48 \Etape
           [C2]{10} % Step 10: Pick and Place packaging complete
The control sequence marked <to be read again> should
not appear between \csname and \endcsname.


c:/Users/chris/OneDrive/Desktop/UNAL/2024-II/APM/Los-Juguetes-Hermanos/2. Industria 4.0 en la Automatización/Figuras/Grafcet/grafcet.tex:48: Package pgf Error: No shape named `\futurelet ' is known.

See the pgf package documentation for explanation.
Type  H <return>  for immediate help.
 ...                                              
                                                  
l.48 \Etape
           [C2]{10} % Step 10: Pick and Place packaging complete
(That was another \errmessage.)

c:/Users/chris/OneDrive/Desktop/UNAL/2024-II/APM/Los-Juguetes-Hermanos/2. Industria 4.0 en la Automatización/Figuras/Grafcet/grafcet.tex:48: Missing \endcsname inserted.
<to be read again> 
                   \futurelet 
l.48 \Etape
           [C2]{10} % Step 10: Pick and Place packaging complete
The control sequence marked <to be read again> should
not appear between \csname and \endcsname.

c:/Users/chris/OneDrive/Desktop/UNAL/2024-II/APM/Los-Juguetes-Hermanos/2. Industria 4.0 en la Automatización/Figuras/Grafcet/grafcet.tex:48: Missing \endcsname inserted.
<to be read again> 
                   \futurelet 
l.48 \Etape
           [C2]{10} % Step 10: Pick and Place packaging complete
The control sequence marked <to be read again> should
not appear between \csname and \endcsname.

c:/Users/chris/OneDrive/Desktop/UNAL/2024-II/APM/Los-Juguetes-Hermanos/2. Industria 4.0 en la Automatización/Figuras/Grafcet/grafcet.tex:48: Missing \endcsname inserted.
<to be read again> 
                   \futurelet 
l.48 \Etape
           [C2]{10} % Step 10: Pick and Place packaging complete
The control sequence marked <to be read again> should
not appear between \csname and \endcsname.

c:/Users/chris/OneDrive/Desktop/UNAL/2024-II/APM/Los-Juguetes-Hermanos/2. Industria 4.0 en la Automatización/Figuras/Grafcet/grafcet.tex:48: Missing \endcsname inserted.
<to be read again> 
                   \pgf@sh@ns@ 
l.48 \Etape
           [C2]{10} % Step 10: Pick and Place packaging complete
The control sequence marked <to be read again> should
not appear between \csname and \endcsname.

c:/Users/chris/OneDrive/Desktop/UNAL/2024-II/APM/Los-Juguetes-Hermanos/2. Industria 4.0 en la Automatización/Figuras/Grafcet/grafcet.tex:48: Missing control sequence inserted.
<inserted text> 
                \inaccessible 
l.48 \Etape
           [C2]{10} % Step 10: Pick and Place packaging complete
Please don't say `\def cs{...}', say `\def\cs{...}'.
I've inserted an inaccessible control sequence so that your
definition will be completed without mixing me up too badly.
You can recover graciously from this error, if you're
careful; see exercise 27.2 in The TeXbook.

Missing character: There is no @ in font nullfont!
Missing character: There is no c in font nullfont!
Missing character: There is no e in font nullfont!
Missing character: There is no n in font nullfont!
Missing character: There is no t in font nullfont!
Missing character: There is no e in font nullfont!
Missing character: There is no r in font nullfont!
c:/Users/chris/OneDrive/Desktop/UNAL/2024-II/APM/Los-Juguetes-Hermanos/2. Industria 4.0 en la Automatización/Figuras/Grafcet/grafcet.tex:48: Missing \endcsname inserted.
<to be read again> 
                   \endcsname 
l.48 \Etape
           [C2]{10} % Step 10: Pick and Place packaging complete
The control sequence marked <to be read again> should
not appear between \csname and \endcsname.

c:/Users/chris/OneDrive/Desktop/UNAL/2024-II/APM/Los-Juguetes-Hermanos/2. Industria 4.0 en la Automatización/Figuras/Grafcet/grafcet.tex:48: Missing \endcsname inserted.
<to be read again> 
                   \endcsname 
l.48 \Etape
           [C2]{10} % Step 10: Pick and Place packaging complete
The control sequence marked <to be read again> should
not appear between \csname and \endcsname.

c:/Users/chris/OneDrive/Desktop/UNAL/2024-II/APM/Los-Juguetes-Hermanos/2. Industria 4.0 en la Automatización/Figuras/Grafcet/grafcet.tex:48: Missing \endcsname inserted.
<to be read again> 
                   \endcsname 
l.48 \Etape
           [